{
    "filters": [], 
    "package_name": "com.example.demoFlipkart", 
    "status": "error", 
    "stdout": "INSTRUMENTATION_STATUS: class=com.example.flipkart.Flipkart\nINSTRUMENTATION_STATUS: current=1\nINSTRUMENTATION_STATUS: id=AndroidJUnitRunner\nINSTRUMENTATION_STATUS: numtests=1\nINSTRUMENTATION_STATUS: stream=\ncom.example.flipkart.Flipkart:\nINSTRUMENTATION_STATUS: test=FlipkartLaunchTests\nINSTRUMENTATION_STATUS_CODE: 1\nINSTRUMENTATION_STATUS: class=com.example.flipkart.Flipkart\nINSTRUMENTATION_STATUS: current=1\nINSTRUMENTATION_STATUS: id=AndroidJUnitRunner\nINSTRUMENTATION_STATUS: numtests=1\nINSTRUMENTATION_STATUS: stack=java.lang.AssertionError: Click On Search Button Failed expected:<true> but was:<false>\n\tat org.junit.Assert.fail(Assert.java:88)\n\tat org.junit.Assert.failNotEquals(Assert.java:834)\n\tat org.junit.Assert.assertEquals(Assert.java:118)\n\tat com.example.flipkart.Flipkart.FlipkartLaunchTests(Flipkart.java:115)\n\nINSTRUMENTATION_STATUS: stream=\nError in FlipkartLaunchTests(com.example.flipkart.Flipkart):\njava.lang.AssertionError: Click On Search Button Failed expected:<true> but was:<false>\n\tat org.junit.Assert.fail(Assert.java:88)\n\tat org.junit.Assert.failNotEquals(Assert.java:834)\n\tat org.junit.Assert.assertEquals(Assert.java:118)\n\tat com.example.flipkart.Flipkart.FlipkartLaunchTests(Flipkart.java:115)\n\nINSTRUMENTATION_STATUS: test=FlipkartLaunchTests\nINSTRUMENTATION_STATUS_CODE: -2\nINSTRUMENTATION_RESULT: stream=\n\nTime: 62.275\nThere was 1 failure:\n1) FlipkartLaunchTests(com.example.flipkart.Flipkart)\njava.lang.AssertionError: Click On Search Button Failed expected:<true> but was:<false>\n\tat org.junit.Assert.fail(Assert.java:88)\n\tat org.junit.Assert.failNotEquals(Assert.java:834)\n\tat org.junit.Assert.assertEquals(Assert.java:118)\n\tat com.example.flipkart.Flipkart.FlipkartLaunchTests(Flipkart.java:115)\n\tat java.lang.reflect.Method.invoke(Native Method)\n\tat org.junit.runners.model.FrameworkMethod$1.runReflectiveCall(FrameworkMethod.java:50)\n\tat org.junit.internal.runners.model.ReflectiveCallable.run(ReflectiveCallable.java:12)\n\tat org.junit.runners.model.FrameworkMethod.invokeExplosively(FrameworkMethod.java:47)\n\tat org.junit.internal.runners.statements.InvokeMethod.evaluate(InvokeMethod.java:17)\n\tat androidx.test.internal.runner.junit4.statement.RunBefores.evaluate(RunBefores.java:80)\n\tat androidx.test.internal.runner.junit4.statement.RunAfters.evaluate(RunAfters.java:61)\n\tat org.junit.runners.ParentRunner.runLeaf(ParentRunner.java:325)\n\tat org.junit.runners.BlockJUnit4ClassRunner.runChild(BlockJUnit4ClassRunner.java:78)\n\tat org.junit.runners.BlockJUnit4ClassRunner.runChild(BlockJUnit4ClassRunner.java:57)\n\tat org.junit.runners.ParentRunner$3.run(ParentRunner.java:290)\n\tat org.junit.runners.ParentRunner$1.schedule(ParentRunner.java:71)\n\tat org.junit.runners.ParentRunner.runChildren(ParentRunner.java:288)\n\tat org.junit.runners.ParentRunner.access$000(ParentRunner.java:58)\n\tat org.junit.runners.ParentRunner$2.evaluate(ParentRunner.java:268)\n\tat org.junit.internal.runners.statements.RunAfters.evaluate(RunAfters.java:27)\n\tat org.junit.runners.ParentRunner.run(ParentRunner.java:363)\n\tat org.junit.runners.Suite.runChild(Suite.java:128)\n\tat org.junit.runners.Suite.runChild(Suite.java:27)\n\tat org.junit.runners.ParentRunner$3.run(ParentRunner.java:290)\n\tat org.junit.runners.ParentRunner$1.schedule(ParentRunner.java:71)\n\tat org.junit.runners.ParentRunner.runChildren(ParentRunner.java:288)\n\tat org.junit.runners.ParentRunner.access$000(ParentRunner.java:58)\n\tat org.junit.runners.ParentRunner$2.evaluate(ParentRunner.java:268)\n\tat org.junit.runners.ParentRunner.run(ParentRunner.java:363)\n\tat org.junit.runner.JUnitCore.run(JUnitCore.java:137)\n\tat org.junit.runner.JUnitCore.run(JUnitCore.java:115)\n\tat androidx.test.internal.runner.TestExecutor.execute(TestExecutor.java:56)\n\tat androidx.test.runner.AndroidJUnitRunner.onStart(AndroidJUnitRunner.java:444)\n\tat android.app.Instrumentation$InstrumentationThread.run(Instrumentation.java:2361)\n\nFAILURES!!!\nTests run: 1,  Failures: 1\n\n\nINSTRUMENTATION_CODE: -1\n", 
    "tests": [
        {
            "class": "com.example.flipkart.Flipkart", 
            "failure_reason": "java.lang.AssertionError: Click On Search Button Failed expected:<true> but was:<false>\n\tat org.junit.Assert.fail(Assert.java:88)\n\tat org.junit.Assert.failNotEquals(Assert.java:834)\n\tat org.junit.Assert.assertEquals(Assert.java:118)\n\tat com.example.flipkart.Flipkart.FlipkartLaunchTests(Flipkart.java:115)", 
            "name": "FlipkartLaunchTests", 
            "status": "error", 
            "status_code": -2, 
            "stream": "Error in FlipkartLaunchTests(com.example.flipkart.Flipkart):\njava.lang.AssertionError: Click On Search Button Failed expected:<true> but was:<false>\n\tat org.junit.Assert.fail(Assert.java:88)\n\tat org.junit.Assert.failNotEquals(Assert.java:834)\n\tat org.junit.Assert.assertEquals(Assert.java:118)\n\tat com.example.flipkart.Flipkart.FlipkartLaunchTests(Flipkart.java:115)", 
            "test_number": "1"
        }
    ], 
    "tests_failures": 1, 
    "tests_success": 0, 
    "total_tests": 1, 
    "total_time": "62.275", 
    "version_code": "1"
}